2025-05-22 15:52:19 [reactor-http-nio-8] DEBUG r.n.r.PooledConnectionProvider - [61867649] Created a new pooled channel, now: 0 active connections, 0 inactive connections and 0 pending acquire requests.
2025-05-22 15:52:19 [reactor-http-nio-8] DEBUG r.netty.transport.TransportConfig - [61867649] Initialized pipeline DefaultChannelPipeline{(reactor.left.httpCodec = io.netty.handler.codec.http.HttpClientCodec), (reactor.left.httpDecompressor = io.netty.handler.codec.http.HttpContentDecompressor), (reactor.right.reactiveBridge = reactor.netty.channel.ChannelOperationsHandler)}
2025-05-22 15:52:19 [reactor-http-nio-8] DEBUG r.netty.transport.TransportConnector - [61867649] Connecting to [localhost/127.0.0.1:8085].
2025-05-22 15:52:19 [reactor-http-nio-8] DEBUG r.netty.transport.TransportConnector - [61867649] Connect attempt to [localhost/127.0.0.1:8085] failed.
io.netty.channel.AbstractChannel$AnnotatedConnectException: Connection refused: localhost/127.0.0.1:8085
Caused by: java.net.ConnectException: Connection refused
	at java.base/sun.nio.ch.Net.pollConnect(Native Method)
	at java.base/sun.nio.ch.Net.pollConnectNow(Net.java:682)
	at java.base/sun.nio.ch.SocketChannelImpl.finishConnect(SocketChannelImpl.java:973)
	at io.netty.channel.socket.nio.NioSocketChannel.doFinishConnect(NioSocketChannel.java:337)
	at io.netty.channel.nio.AbstractNioChannel$AbstractNioUnsafe.finishConnect(AbstractNioChannel.java:334)
	at io.netty.channel.nio.NioEventLoop.processSelectedKey(NioEventLoop.java:776)
	at io.netty.channel.nio.NioEventLoop.processSelectedKeysOptimized(NioEventLoop.java:724)
	at io.netty.channel.nio.NioEventLoop.processSelectedKeys(NioEventLoop.java:650)
	at io.netty.channel.nio.NioEventLoop.run(NioEventLoop.java:562)
	at io.netty.util.concurrent.SingleThreadEventExecutor$4.run(SingleThreadEventExecutor.java:997)
	at io.netty.util.internal.ThreadExecutorMap$2.run(ThreadExecutorMap.java:74)
	at io.netty.util.concurrent.FastThreadLocalRunnable.run(FastThreadLocalRunnable.java:30)
	at java.base/java.lang.Thread.run(Thread.java:1583)
2025-05-22 15:52:29 [reactor-http-nio-1] DEBUG r.n.r.PooledConnectionProvider - [c628f94c] Created a new pooled channel, now: 0 active connections, 0 inactive connections and 0 pending acquire requests.
2025-05-22 15:52:29 [reactor-http-nio-1] DEBUG r.netty.transport.TransportConfig - [c628f94c] Initialized pipeline DefaultChannelPipeline{(reactor.left.httpCodec = io.netty.handler.codec.http.HttpClientCodec), (reactor.left.httpDecompressor = io.netty.handler.codec.http.HttpContentDecompressor), (reactor.right.reactiveBridge = reactor.netty.channel.ChannelOperationsHandler)}
2025-05-22 15:52:29 [reactor-http-nio-1] DEBUG r.netty.transport.TransportConnector - [c628f94c] Connecting to [localhost/127.0.0.1:8085].
2025-05-22 15:52:29 [reactor-http-nio-1] DEBUG r.netty.transport.TransportConnector - [c628f94c] Connect attempt to [localhost/127.0.0.1:8085] failed.
io.netty.channel.AbstractChannel$AnnotatedConnectException: Connection refused: localhost/127.0.0.1:8085
Caused by: java.net.ConnectException: Connection refused
	at java.base/sun.nio.ch.Net.pollConnect(Native Method)
	at java.base/sun.nio.ch.Net.pollConnectNow(Net.java:682)
	at java.base/sun.nio.ch.SocketChannelImpl.finishConnect(SocketChannelImpl.java:973)
	at io.netty.channel.socket.nio.NioSocketChannel.doFinishConnect(NioSocketChannel.java:337)
	at io.netty.channel.nio.AbstractNioChannel$AbstractNioUnsafe.finishConnect(AbstractNioChannel.java:334)
	at io.netty.channel.nio.NioEventLoop.processSelectedKey(NioEventLoop.java:776)
	at io.netty.channel.nio.NioEventLoop.processSelectedKeysOptimized(NioEventLoop.java:724)
	at io.netty.channel.nio.NioEventLoop.processSelectedKeys(NioEventLoop.java:650)
	at io.netty.channel.nio.NioEventLoop.run(NioEventLoop.java:562)
	at io.netty.util.concurrent.SingleThreadEventExecutor$4.run(SingleThreadEventExecutor.java:997)
	at io.netty.util.internal.ThreadExecutorMap$2.run(ThreadExecutorMap.java:74)
	at io.netty.util.concurrent.FastThreadLocalRunnable.run(FastThreadLocalRunnable.java:30)
	at java.base/java.lang.Thread.run(Thread.java:1583)
2025-05-22 15:52:39 [reactor-http-nio-2] DEBUG r.n.r.PooledConnectionProvider - [407ce40c] Created a new pooled channel, now: 0 active connections, 0 inactive connections and 0 pending acquire requests.
2025-05-22 15:52:39 [reactor-http-nio-2] DEBUG r.netty.transport.TransportConfig - [407ce40c] Initialized pipeline DefaultChannelPipeline{(reactor.left.httpCodec = io.netty.handler.codec.http.HttpClientCodec), (reactor.left.httpDecompressor = io.netty.handler.codec.http.HttpContentDecompressor), (reactor.right.reactiveBridge = reactor.netty.channel.ChannelOperationsHandler)}
2025-05-22 15:52:39 [reactor-http-nio-2] DEBUG r.netty.transport.TransportConnector - [407ce40c] Connecting to [localhost/127.0.0.1:8085].
2025-05-22 15:52:39 [reactor-http-nio-2] DEBUG r.netty.transport.TransportConnector - [407ce40c] Connect attempt to [localhost/127.0.0.1:8085] failed.
io.netty.channel.AbstractChannel$AnnotatedConnectException: Connection refused: localhost/127.0.0.1:8085
Caused by: java.net.ConnectException: Connection refused
	at java.base/sun.nio.ch.Net.pollConnect(Native Method)
	at java.base/sun.nio.ch.Net.pollConnectNow(Net.java:682)
	at java.base/sun.nio.ch.SocketChannelImpl.finishConnect(SocketChannelImpl.java:973)
	at io.netty.channel.socket.nio.NioSocketChannel.doFinishConnect(NioSocketChannel.java:337)
	at io.netty.channel.nio.AbstractNioChannel$AbstractNioUnsafe.finishConnect(AbstractNioChannel.java:334)
	at io.netty.channel.nio.NioEventLoop.processSelectedKey(NioEventLoop.java:776)
	at io.netty.channel.nio.NioEventLoop.processSelectedKeysOptimized(NioEventLoop.java:724)
	at io.netty.channel.nio.NioEventLoop.processSelectedKeys(NioEventLoop.java:650)
	at io.netty.channel.nio.NioEventLoop.run(NioEventLoop.java:562)
	at io.netty.util.concurrent.SingleThreadEventExecutor$4.run(SingleThreadEventExecutor.java:997)
	at io.netty.util.internal.ThreadExecutorMap$2.run(ThreadExecutorMap.java:74)
	at io.netty.util.concurrent.FastThreadLocalRunnable.run(FastThreadLocalRunnable.java:30)
	at java.base/java.lang.Thread.run(Thread.java:1583)
2025-05-22 15:52:49 [reactor-http-nio-3] DEBUG r.n.r.PooledConnectionProvider - [054b4d43] Created a new pooled channel, now: 0 active connections, 0 inactive connections and 0 pending acquire requests.
2025-05-22 15:52:49 [reactor-http-nio-3] DEBUG r.netty.transport.TransportConfig - [054b4d43] Initialized pipeline DefaultChannelPipeline{(reactor.left.httpCodec = io.netty.handler.codec.http.HttpClientCodec), (reactor.left.httpDecompressor = io.netty.handler.codec.http.HttpContentDecompressor), (reactor.right.reactiveBridge = reactor.netty.channel.ChannelOperationsHandler)}
2025-05-22 15:52:49 [reactor-http-nio-3] DEBUG r.netty.transport.TransportConnector - [054b4d43] Connecting to [localhost/127.0.0.1:8085].
2025-05-22 15:52:49 [reactor-http-nio-3] DEBUG r.netty.transport.TransportConnector - [054b4d43] Connect attempt to [localhost/127.0.0.1:8085] failed.
io.netty.channel.AbstractChannel$AnnotatedConnectException: Connection refused: localhost/127.0.0.1:8085
Caused by: java.net.ConnectException: Connection refused
	at java.base/sun.nio.ch.Net.pollConnect(Native Method)
	at java.base/sun.nio.ch.Net.pollConnectNow(Net.java:682)
	at java.base/sun.nio.ch.SocketChannelImpl.finishConnect(SocketChannelImpl.java:973)
	at io.netty.channel.socket.nio.NioSocketChannel.doFinishConnect(NioSocketChannel.java:337)
	at io.netty.channel.nio.AbstractNioChannel$AbstractNioUnsafe.finishConnect(AbstractNioChannel.java:334)
	at io.netty.channel.nio.NioEventLoop.processSelectedKey(NioEventLoop.java:776)
	at io.netty.channel.nio.NioEventLoop.processSelectedKeysOptimized(NioEventLoop.java:724)
	at io.netty.channel.nio.NioEventLoop.processSelectedKeys(NioEventLoop.java:650)
	at io.netty.channel.nio.NioEventLoop.run(NioEventLoop.java:562)
	at io.netty.util.concurrent.SingleThreadEventExecutor$4.run(SingleThreadEventExecutor.java:997)
	at io.netty.util.internal.ThreadExecutorMap$2.run(ThreadExecutorMap.java:74)
	at io.netty.util.concurrent.FastThreadLocalRunnable.run(FastThreadLocalRunnable.java:30)
	at java.base/java.lang.Thread.run(Thread.java:1583)
2025-05-22 15:52:59 [reactor-http-nio-4] DEBUG r.n.r.PooledConnectionProvider - [093403a8] Created a new pooled channel, now: 0 active connections, 0 inactive connections and 0 pending acquire requests.
2025-05-22 15:52:59 [reactor-http-nio-4] DEBUG r.netty.transport.TransportConfig - [093403a8] Initialized pipeline DefaultChannelPipeline{(reactor.left.httpCodec = io.netty.handler.codec.http.HttpClientCodec), (reactor.left.httpDecompressor = io.netty.handler.codec.http.HttpContentDecompressor), (reactor.right.reactiveBridge = reactor.netty.channel.ChannelOperationsHandler)}
2025-05-22 15:52:59 [reactor-http-nio-4] DEBUG r.netty.transport.TransportConnector - [093403a8] Connecting to [localhost/127.0.0.1:8085].
2025-05-22 15:52:59 [reactor-http-nio-4] DEBUG r.netty.transport.TransportConnector - [093403a8] Connect attempt to [localhost/127.0.0.1:8085] failed.
io.netty.channel.AbstractChannel$AnnotatedConnectException: Connection refused: localhost/127.0.0.1:8085
Caused by: java.net.ConnectException: Connection refused
	at java.base/sun.nio.ch.Net.pollConnect(Native Method)
	at java.base/sun.nio.ch.Net.pollConnectNow(Net.java:682)
	at java.base/sun.nio.ch.SocketChannelImpl.finishConnect(SocketChannelImpl.java:973)
	at io.netty.channel.socket.nio.NioSocketChannel.doFinishConnect(NioSocketChannel.java:337)
	at io.netty.channel.nio.AbstractNioChannel$AbstractNioUnsafe.finishConnect(AbstractNioChannel.java:334)
	at io.netty.channel.nio.NioEventLoop.processSelectedKey(NioEventLoop.java:776)
	at io.netty.channel.nio.NioEventLoop.processSelectedKeysOptimized(NioEventLoop.java:724)
	at io.netty.channel.nio.NioEventLoop.processSelectedKeys(NioEventLoop.java:650)
	at io.netty.channel.nio.NioEventLoop.run(NioEventLoop.java:562)
	at io.netty.util.concurrent.SingleThreadEventExecutor$4.run(SingleThreadEventExecutor.java:997)
	at io.netty.util.internal.ThreadExecutorMap$2.run(ThreadExecutorMap.java:74)
	at io.netty.util.concurrent.FastThreadLocalRunnable.run(FastThreadLocalRunnable.java:30)
	at java.base/java.lang.Thread.run(Thread.java:1583)
2025-05-22 15:53:09 [reactor-http-nio-5] DEBUG r.n.r.PooledConnectionProvider - [5c0cb586] Created a new pooled channel, now: 0 active connections, 0 inactive connections and 0 pending acquire requests.
2025-05-22 15:53:09 [reactor-http-nio-5] DEBUG r.netty.transport.TransportConfig - [5c0cb586] Initialized pipeline DefaultChannelPipeline{(reactor.left.httpCodec = io.netty.handler.codec.http.HttpClientCodec), (reactor.left.httpDecompressor = io.netty.handler.codec.http.HttpContentDecompressor), (reactor.right.reactiveBridge = reactor.netty.channel.ChannelOperationsHandler)}
2025-05-22 15:53:09 [reactor-http-nio-5] DEBUG r.netty.transport.TransportConnector - [5c0cb586] Connecting to [localhost/127.0.0.1:8085].
2025-05-22 15:53:09 [reactor-http-nio-5] DEBUG r.netty.transport.TransportConnector - [5c0cb586] Connect attempt to [localhost/127.0.0.1:8085] failed.
io.netty.channel.AbstractChannel$AnnotatedConnectException: Connection refused: localhost/127.0.0.1:8085
Caused by: java.net.ConnectException: Connection refused
	at java.base/sun.nio.ch.Net.pollConnect(Native Method)
	at java.base/sun.nio.ch.Net.pollConnectNow(Net.java:682)
	at java.base/sun.nio.ch.SocketChannelImpl.finishConnect(SocketChannelImpl.java:973)
	at io.netty.channel.socket.nio.NioSocketChannel.doFinishConnect(NioSocketChannel.java:337)
	at io.netty.channel.nio.AbstractNioChannel$AbstractNioUnsafe.finishConnect(AbstractNioChannel.java:334)
	at io.netty.channel.nio.NioEventLoop.processSelectedKey(NioEventLoop.java:776)
	at io.netty.channel.nio.NioEventLoop.processSelectedKeysOptimized(NioEventLoop.java:724)
	at io.netty.channel.nio.NioEventLoop.processSelectedKeys(NioEventLoop.java:650)
	at io.netty.channel.nio.NioEventLoop.run(NioEventLoop.java:562)
	at io.netty.util.concurrent.SingleThreadEventExecutor$4.run(SingleThreadEventExecutor.java:997)
	at io.netty.util.internal.ThreadExecutorMap$2.run(ThreadExecutorMap.java:74)
	at io.netty.util.concurrent.FastThreadLocalRunnable.run(FastThreadLocalRunnable.java:30)
	at java.base/java.lang.Thread.run(Thread.java:1583)
2025-05-22 15:53:19 [reactor-http-nio-6] DEBUG r.n.r.PooledConnectionProvider - [aebf93c1] Created a new pooled channel, now: 0 active connections, 0 inactive connections and 0 pending acquire requests.
2025-05-22 15:53:19 [reactor-http-nio-6] DEBUG r.netty.transport.TransportConfig - [aebf93c1] Initialized pipeline DefaultChannelPipeline{(reactor.left.httpCodec = io.netty.handler.codec.http.HttpClientCodec), (reactor.left.httpDecompressor = io.netty.handler.codec.http.HttpContentDecompressor), (reactor.right.reactiveBridge = reactor.netty.channel.ChannelOperationsHandler)}
2025-05-22 15:53:19 [reactor-http-nio-6] DEBUG r.netty.transport.TransportConnector - [aebf93c1] Connecting to [localhost/127.0.0.1:8085].
2025-05-22 15:53:19 [reactor-http-nio-6] DEBUG r.netty.transport.TransportConnector - [aebf93c1] Connect attempt to [localhost/127.0.0.1:8085] failed.
io.netty.channel.AbstractChannel$AnnotatedConnectException: Connection refused: localhost/127.0.0.1:8085
Caused by: java.net.ConnectException: Connection refused
	at java.base/sun.nio.ch.Net.pollConnect(Native Method)
	at java.base/sun.nio.ch.Net.pollConnectNow(Net.java:682)
	at java.base/sun.nio.ch.SocketChannelImpl.finishConnect(SocketChannelImpl.java:973)
	at io.netty.channel.socket.nio.NioSocketChannel.doFinishConnect(NioSocketChannel.java:337)
	at io.netty.channel.nio.AbstractNioChannel$AbstractNioUnsafe.finishConnect(AbstractNioChannel.java:334)
	at io.netty.channel.nio.NioEventLoop.processSelectedKey(NioEventLoop.java:776)
	at io.netty.channel.nio.NioEventLoop.processSelectedKeysOptimized(NioEventLoop.java:724)
	at io.netty.channel.nio.NioEventLoop.processSelectedKeys(NioEventLoop.java:650)
	at io.netty.channel.nio.NioEventLoop.run(NioEventLoop.java:562)
	at io.netty.util.concurrent.SingleThreadEventExecutor$4.run(SingleThreadEventExecutor.java:997)
	at io.netty.util.internal.ThreadExecutorMap$2.run(ThreadExecutorMap.java:74)
	at io.netty.util.concurrent.FastThreadLocalRunnable.run(FastThreadLocalRunnable.java:30)
	at java.base/java.lang.Thread.run(Thread.java:1583)
2025-05-22 15:53:29 [reactor-http-nio-7] DEBUG r.n.r.PooledConnectionProvider - [b93a1960] Created a new pooled channel, now: 0 active connections, 0 inactive connections and 0 pending acquire requests.
2025-05-22 15:53:29 [reactor-http-nio-7] DEBUG r.netty.transport.TransportConfig - [b93a1960] Initialized pipeline DefaultChannelPipeline{(reactor.left.httpCodec = io.netty.handler.codec.http.HttpClientCodec), (reactor.left.httpDecompressor = io.netty.handler.codec.http.HttpContentDecompressor), (reactor.right.reactiveBridge = reactor.netty.channel.ChannelOperationsHandler)}
2025-05-22 15:53:29 [reactor-http-nio-7] DEBUG r.netty.transport.TransportConnector - [b93a1960] Connecting to [localhost/127.0.0.1:8085].
2025-05-22 15:53:29 [reactor-http-nio-7] DEBUG r.netty.transport.TransportConnector - [b93a1960] Connect attempt to [localhost/127.0.0.1:8085] failed.
io.netty.channel.AbstractChannel$AnnotatedConnectException: Connection refused: localhost/127.0.0.1:8085
Caused by: java.net.ConnectException: Connection refused
	at java.base/sun.nio.ch.Net.pollConnect(Native Method)
	at java.base/sun.nio.ch.Net.pollConnectNow(Net.java:682)
	at java.base/sun.nio.ch.SocketChannelImpl.finishConnect(SocketChannelImpl.java:973)
	at io.netty.channel.socket.nio.NioSocketChannel.doFinishConnect(NioSocketChannel.java:337)
	at io.netty.channel.nio.AbstractNioChannel$AbstractNioUnsafe.finishConnect(AbstractNioChannel.java:334)
	at io.netty.channel.nio.NioEventLoop.processSelectedKey(NioEventLoop.java:776)
	at io.netty.channel.nio.NioEventLoop.processSelectedKeysOptimized(NioEventLoop.java:724)
	at io.netty.channel.nio.NioEventLoop.processSelectedKeys(NioEventLoop.java:650)
	at io.netty.channel.nio.NioEventLoop.run(NioEventLoop.java:562)
	at io.netty.util.concurrent.SingleThreadEventExecutor$4.run(SingleThreadEventExecutor.java:997)
	at io.netty.util.internal.ThreadExecutorMap$2.run(ThreadExecutorMap.java:74)
	at io.netty.util.concurrent.FastThreadLocalRunnable.run(FastThreadLocalRunnable.java:30)
	at java.base/java.lang.Thread.run(Thread.java:1583)
2025-05-22 15:53:39 [reactor-http-nio-8] DEBUG r.n.r.PooledConnectionProvider - [62df08e1] Created a new pooled channel, now: 0 active connections, 0 inactive connections and 0 pending acquire requests.
2025-05-22 15:53:39 [reactor-http-nio-8] DEBUG r.netty.transport.TransportConfig - [62df08e1] Initialized pipeline DefaultChannelPipeline{(reactor.left.httpCodec = io.netty.handler.codec.http.HttpClientCodec), (reactor.left.httpDecompressor = io.netty.handler.codec.http.HttpContentDecompressor), (reactor.right.reactiveBridge = reactor.netty.channel.ChannelOperationsHandler)}
2025-05-22 15:53:39 [reactor-http-nio-8] DEBUG r.netty.transport.TransportConnector - [62df08e1] Connecting to [localhost/127.0.0.1:8085].
2025-05-22 15:53:39 [reactor-http-nio-8] DEBUG r.netty.transport.TransportConnector - [62df08e1] Connect attempt to [localhost/127.0.0.1:8085] failed.
io.netty.channel.AbstractChannel$AnnotatedConnectException: Connection refused: localhost/127.0.0.1:8085
Caused by: java.net.ConnectException: Connection refused
	at java.base/sun.nio.ch.Net.pollConnect(Native Method)
	at java.base/sun.nio.ch.Net.pollConnectNow(Net.java:682)
	at java.base/sun.nio.ch.SocketChannelImpl.finishConnect(SocketChannelImpl.java:973)
	at io.netty.channel.socket.nio.NioSocketChannel.doFinishConnect(NioSocketChannel.java:337)
	at io.netty.channel.nio.AbstractNioChannel$AbstractNioUnsafe.finishConnect(AbstractNioChannel.java:334)
	at io.netty.channel.nio.NioEventLoop.processSelectedKey(NioEventLoop.java:776)
	at io.netty.channel.nio.NioEventLoop.processSelectedKeysOptimized(NioEventLoop.java:724)
	at io.netty.channel.nio.NioEventLoop.processSelectedKeys(NioEventLoop.java:650)
	at io.netty.channel.nio.NioEventLoop.run(NioEventLoop.java:562)
	at io.netty.util.concurrent.SingleThreadEventExecutor$4.run(SingleThreadEventExecutor.java:997)
	at io.netty.util.internal.ThreadExecutorMap$2.run(ThreadExecutorMap.java:74)
	at io.netty.util.concurrent.FastThreadLocalRunnable.run(FastThreadLocalRunnable.java:30)
	at java.base/java.lang.Thread.run(Thread.java:1583)
2025-05-22 15:53:49 [reactor-http-nio-1] DEBUG r.n.r.PooledConnectionProvider - [c704dd79] Created a new pooled channel, now: 0 active connections, 0 inactive connections and 0 pending acquire requests.
2025-05-22 15:53:49 [reactor-http-nio-1] DEBUG r.netty.transport.TransportConfig - [c704dd79] Initialized pipeline DefaultChannelPipeline{(reactor.left.httpCodec = io.netty.handler.codec.http.HttpClientCodec), (reactor.left.httpDecompressor = io.netty.handler.codec.http.HttpContentDecompressor), (reactor.right.reactiveBridge = reactor.netty.channel.ChannelOperationsHandler)}
2025-05-22 15:53:49 [reactor-http-nio-1] DEBUG r.netty.transport.TransportConnector - [c704dd79] Connecting to [localhost/127.0.0.1:8085].
2025-05-22 15:53:49 [reactor-http-nio-1] DEBUG r.netty.transport.TransportConnector - [c704dd79] Connect attempt to [localhost/127.0.0.1:8085] failed.
io.netty.channel.AbstractChannel$AnnotatedConnectException: Connection refused: localhost/127.0.0.1:8085
Caused by: java.net.ConnectException: Connection refused
	at java.base/sun.nio.ch.Net.pollConnect(Native Method)
	at java.base/sun.nio.ch.Net.pollConnectNow(Net.java:682)
	at java.base/sun.nio.ch.SocketChannelImpl.finishConnect(SocketChannelImpl.java:973)
	at io.netty.channel.socket.nio.NioSocketChannel.doFinishConnect(NioSocketChannel.java:337)
	at io.netty.channel.nio.AbstractNioChannel$AbstractNioUnsafe.finishConnect(AbstractNioChannel.java:334)
	at io.netty.channel.nio.NioEventLoop.processSelectedKey(NioEventLoop.java:776)
	at io.netty.channel.nio.NioEventLoop.processSelectedKeysOptimized(NioEventLoop.java:724)
	at io.netty.channel.nio.NioEventLoop.processSelectedKeys(NioEventLoop.java:650)
	at io.netty.channel.nio.NioEventLoop.run(NioEventLoop.java:562)
	at io.netty.util.concurrent.SingleThreadEventExecutor$4.run(SingleThreadEventExecutor.java:997)
	at io.netty.util.internal.ThreadExecutorMap$2.run(ThreadExecutorMap.java:74)
	at io.netty.util.concurrent.FastThreadLocalRunnable.run(FastThreadLocalRunnable.java:30)
	at java.base/java.lang.Thread.run(Thread.java:1583)
2025-05-22 15:53:59 [reactor-http-nio-2] DEBUG r.n.r.PooledConnectionProvider - [6cb506c7] Created a new pooled channel, now: 0 active connections, 0 inactive connections and 0 pending acquire requests.
2025-05-22 15:53:59 [reactor-http-nio-2] DEBUG r.netty.transport.TransportConfig - [6cb506c7] Initialized pipeline DefaultChannelPipeline{(reactor.left.httpCodec = io.netty.handler.codec.http.HttpClientCodec), (reactor.left.httpDecompressor = io.netty.handler.codec.http.HttpContentDecompressor), (reactor.right.reactiveBridge = reactor.netty.channel.ChannelOperationsHandler)}
2025-05-22 15:53:59 [reactor-http-nio-2] DEBUG r.netty.transport.TransportConnector - [6cb506c7] Connecting to [localhost/127.0.0.1:8085].
2025-05-22 15:53:59 [reactor-http-nio-2] DEBUG r.netty.transport.TransportConnector - [6cb506c7] Connect attempt to [localhost/127.0.0.1:8085] failed.
io.netty.channel.AbstractChannel$AnnotatedConnectException: Connection refused: localhost/127.0.0.1:8085
Caused by: java.net.ConnectException: Connection refused
	at java.base/sun.nio.ch.Net.pollConnect(Native Method)
	at java.base/sun.nio.ch.Net.pollConnectNow(Net.java:682)
	at java.base/sun.nio.ch.SocketChannelImpl.finishConnect(SocketChannelImpl.java:973)
	at io.netty.channel.socket.nio.NioSocketChannel.doFinishConnect(NioSocketChannel.java:337)
	at io.netty.channel.nio.AbstractNioChannel$AbstractNioUnsafe.finishConnect(AbstractNioChannel.java:334)
	at io.netty.channel.nio.NioEventLoop.processSelectedKey(NioEventLoop.java:776)
	at io.netty.channel.nio.NioEventLoop.processSelectedKeysOptimized(NioEventLoop.java:724)
	at io.netty.channel.nio.NioEventLoop.processSelectedKeys(NioEventLoop.java:650)
	at io.netty.channel.nio.NioEventLoop.run(NioEventLoop.java:562)
	at io.netty.util.concurrent.SingleThreadEventExecutor$4.run(SingleThreadEventExecutor.java:997)
	at io.netty.util.internal.ThreadExecutorMap$2.run(ThreadExecutorMap.java:74)
	at io.netty.util.concurrent.FastThreadLocalRunnable.run(FastThreadLocalRunnable.java:30)
	at java.base/java.lang.Thread.run(Thread.java:1583)
2025-05-22 15:54:09 [reactor-http-nio-3] DEBUG r.n.r.PooledConnectionProvider - [2d8a7ff0] Created a new pooled channel, now: 0 active connections, 0 inactive connections and 0 pending acquire requests.
2025-05-22 15:54:09 [reactor-http-nio-3] DEBUG r.netty.transport.TransportConfig - [2d8a7ff0] Initialized pipeline DefaultChannelPipeline{(reactor.left.httpCodec = io.netty.handler.codec.http.HttpClientCodec), (reactor.left.httpDecompressor = io.netty.handler.codec.http.HttpContentDecompressor), (reactor.right.reactiveBridge = reactor.netty.channel.ChannelOperationsHandler)}
2025-05-22 15:54:09 [reactor-http-nio-3] DEBUG r.netty.transport.TransportConnector - [2d8a7ff0] Connecting to [localhost/127.0.0.1:8085].
2025-05-22 15:54:09 [reactor-http-nio-3] DEBUG r.netty.transport.TransportConnector - [2d8a7ff0] Connect attempt to [localhost/127.0.0.1:8085] failed.
io.netty.channel.AbstractChannel$AnnotatedConnectException: Connection refused: localhost/127.0.0.1:8085
Caused by: java.net.ConnectException: Connection refused
	at java.base/sun.nio.ch.Net.pollConnect(Native Method)
	at java.base/sun.nio.ch.Net.pollConnectNow(Net.java:682)
	at java.base/sun.nio.ch.SocketChannelImpl.finishConnect(SocketChannelImpl.java:973)
	at io.netty.channel.socket.nio.NioSocketChannel.doFinishConnect(NioSocketChannel.java:337)
	at io.netty.channel.nio.AbstractNioChannel$AbstractNioUnsafe.finishConnect(AbstractNioChannel.java:334)
	at io.netty.channel.nio.NioEventLoop.processSelectedKey(NioEventLoop.java:776)
	at io.netty.channel.nio.NioEventLoop.processSelectedKeysOptimized(NioEventLoop.java:724)
	at io.netty.channel.nio.NioEventLoop.processSelectedKeys(NioEventLoop.java:650)
	at io.netty.channel.nio.NioEventLoop.run(NioEventLoop.java:562)
	at io.netty.util.concurrent.SingleThreadEventExecutor$4.run(SingleThreadEventExecutor.java:997)
	at io.netty.util.internal.ThreadExecutorMap$2.run(ThreadExecutorMap.java:74)
	at io.netty.util.concurrent.FastThreadLocalRunnable.run(FastThreadLocalRunnable.java:30)
	at java.base/java.lang.Thread.run(Thread.java:1583)
2025-05-22 15:54:19 [reactor-http-nio-4] DEBUG r.n.r.PooledConnectionProvider - [ee212742] Created a new pooled channel, now: 0 active connections, 0 inactive connections and 0 pending acquire requests.
2025-05-22 15:54:19 [reactor-http-nio-4] DEBUG r.netty.transport.TransportConfig - [ee212742] Initialized pipeline DefaultChannelPipeline{(reactor.left.httpCodec = io.netty.handler.codec.http.HttpClientCodec), (reactor.left.httpDecompressor = io.netty.handler.codec.http.HttpContentDecompressor), (reactor.right.reactiveBridge = reactor.netty.channel.ChannelOperationsHandler)}
2025-05-22 15:54:19 [reactor-http-nio-4] DEBUG r.netty.transport.TransportConnector - [ee212742] Connecting to [localhost/127.0.0.1:8085].
2025-05-22 15:54:19 [reactor-http-nio-4] DEBUG r.netty.transport.TransportConnector - [ee212742] Connect attempt to [localhost/127.0.0.1:8085] failed.
io.netty.channel.AbstractChannel$AnnotatedConnectException: Connection refused: localhost/127.0.0.1:8085
Caused by: java.net.ConnectException: Connection refused
	at java.base/sun.nio.ch.Net.pollConnect(Native Method)
	at java.base/sun.nio.ch.Net.pollConnectNow(Net.java:682)
	at java.base/sun.nio.ch.SocketChannelImpl.finishConnect(SocketChannelImpl.java:973)
	at io.netty.channel.socket.nio.NioSocketChannel.doFinishConnect(NioSocketChannel.java:337)
	at io.netty.channel.nio.AbstractNioChannel$AbstractNioUnsafe.finishConnect(AbstractNioChannel.java:334)
	at io.netty.channel.nio.NioEventLoop.processSelectedKey(NioEventLoop.java:776)
	at io.netty.channel.nio.NioEventLoop.processSelectedKeysOptimized(NioEventLoop.java:724)
	at io.netty.channel.nio.NioEventLoop.processSelectedKeys(NioEventLoop.java:650)
	at io.netty.channel.nio.NioEventLoop.run(NioEventLoop.java:562)
	at io.netty.util.concurrent.SingleThreadEventExecutor$4.run(SingleThreadEventExecutor.java:997)
	at io.netty.util.internal.ThreadExecutorMap$2.run(ThreadExecutorMap.java:74)
	at io.netty.util.concurrent.FastThreadLocalRunnable.run(FastThreadLocalRunnable.java:30)
	at java.base/java.lang.Thread.run(Thread.java:1583)
2025-05-22 15:54:29 [reactor-http-nio-5] DEBUG r.n.r.PooledConnectionProvider - [06e17d70] Created a new pooled channel, now: 0 active connections, 0 inactive connections and 0 pending acquire requests.
2025-05-22 15:54:29 [reactor-http-nio-5] DEBUG r.netty.transport.TransportConfig - [06e17d70] Initialized pipeline DefaultChannelPipeline{(reactor.left.httpCodec = io.netty.handler.codec.http.HttpClientCodec), (reactor.left.httpDecompressor = io.netty.handler.codec.http.HttpContentDecompressor), (reactor.right.reactiveBridge = reactor.netty.channel.ChannelOperationsHandler)}
2025-05-22 15:54:29 [reactor-http-nio-5] DEBUG r.netty.transport.TransportConnector - [06e17d70] Connecting to [localhost/127.0.0.1:8085].
2025-05-22 15:54:29 [reactor-http-nio-5] DEBUG r.netty.transport.TransportConnector - [06e17d70] Connect attempt to [localhost/127.0.0.1:8085] failed.
io.netty.channel.AbstractChannel$AnnotatedConnectException: Connection refused: localhost/127.0.0.1:8085
Caused by: java.net.ConnectException: Connection refused
	at java.base/sun.nio.ch.Net.pollConnect(Native Method)
	at java.base/sun.nio.ch.Net.pollConnectNow(Net.java:682)
	at java.base/sun.nio.ch.SocketChannelImpl.finishConnect(SocketChannelImpl.java:973)
	at io.netty.channel.socket.nio.NioSocketChannel.doFinishConnect(NioSocketChannel.java:337)
	at io.netty.channel.nio.AbstractNioChannel$AbstractNioUnsafe.finishConnect(AbstractNioChannel.java:334)
	at io.netty.channel.nio.NioEventLoop.processSelectedKey(NioEventLoop.java:776)
	at io.netty.channel.nio.NioEventLoop.processSelectedKeysOptimized(NioEventLoop.java:724)
	at io.netty.channel.nio.NioEventLoop.processSelectedKeys(NioEventLoop.java:650)
	at io.netty.channel.nio.NioEventLoop.run(NioEventLoop.java:562)
	at io.netty.util.concurrent.SingleThreadEventExecutor$4.run(SingleThreadEventExecutor.java:997)
	at io.netty.util.internal.ThreadExecutorMap$2.run(ThreadExecutorMap.java:74)
	at io.netty.util.concurrent.FastThreadLocalRunnable.run(FastThreadLocalRunnable.java:30)
	at java.base/java.lang.Thread.run(Thread.java:1583)
2025-05-22 15:54:39 [reactor-http-nio-6] DEBUG r.n.r.PooledConnectionProvider - [feb4c8c7] Created a new pooled channel, now: 0 active connections, 0 inactive connections and 0 pending acquire requests.
2025-05-22 15:54:39 [reactor-http-nio-6] DEBUG r.netty.transport.TransportConfig - [feb4c8c7] Initialized pipeline DefaultChannelPipeline{(reactor.left.httpCodec = io.netty.handler.codec.http.HttpClientCodec), (reactor.left.httpDecompressor = io.netty.handler.codec.http.HttpContentDecompressor), (reactor.right.reactiveBridge = reactor.netty.channel.ChannelOperationsHandler)}
2025-05-22 15:54:39 [reactor-http-nio-6] DEBUG r.netty.transport.TransportConnector - [feb4c8c7] Connecting to [localhost/127.0.0.1:8085].
2025-05-22 15:54:39 [reactor-http-nio-6] DEBUG r.netty.transport.TransportConnector - [feb4c8c7] Connect attempt to [localhost/127.0.0.1:8085] failed.
io.netty.channel.AbstractChannel$AnnotatedConnectException: Connection refused: localhost/127.0.0.1:8085
Caused by: java.net.ConnectException: Connection refused
	at java.base/sun.nio.ch.Net.pollConnect(Native Method)
	at java.base/sun.nio.ch.Net.pollConnectNow(Net.java:682)
	at java.base/sun.nio.ch.SocketChannelImpl.finishConnect(SocketChannelImpl.java:973)
	at io.netty.channel.socket.nio.NioSocketChannel.doFinishConnect(NioSocketChannel.java:337)
	at io.netty.channel.nio.AbstractNioChannel$AbstractNioUnsafe.finishConnect(AbstractNioChannel.java:334)
	at io.netty.channel.nio.NioEventLoop.processSelectedKey(NioEventLoop.java:776)
	at io.netty.channel.nio.NioEventLoop.processSelectedKeysOptimized(NioEventLoop.java:724)
	at io.netty.channel.nio.NioEventLoop.processSelectedKeys(NioEventLoop.java:650)
	at io.netty.channel.nio.NioEventLoop.run(NioEventLoop.java:562)
	at io.netty.util.concurrent.SingleThreadEventExecutor$4.run(SingleThreadEventExecutor.java:997)
	at io.netty.util.internal.ThreadExecutorMap$2.run(ThreadExecutorMap.java:74)
	at io.netty.util.concurrent.FastThreadLocalRunnable.run(FastThreadLocalRunnable.java:30)
	at java.base/java.lang.Thread.run(Thread.java:1583)
2025-05-22 15:54:49 [reactor-http-nio-7] DEBUG r.n.r.PooledConnectionProvider - [763949fc] Created a new pooled channel, now: 0 active connections, 0 inactive connections and 0 pending acquire requests.
2025-05-22 15:54:49 [reactor-http-nio-7] DEBUG r.netty.transport.TransportConfig - [763949fc] Initialized pipeline DefaultChannelPipeline{(reactor.left.httpCodec = io.netty.handler.codec.http.HttpClientCodec), (reactor.left.httpDecompressor = io.netty.handler.codec.http.HttpContentDecompressor), (reactor.right.reactiveBridge = reactor.netty.channel.ChannelOperationsHandler)}
2025-05-22 15:54:49 [reactor-http-nio-7] DEBUG r.netty.transport.TransportConnector - [763949fc] Connecting to [localhost/127.0.0.1:8085].
2025-05-22 15:54:49 [reactor-http-nio-7] DEBUG r.netty.transport.TransportConnector - [763949fc] Connect attempt to [localhost/127.0.0.1:8085] failed.
io.netty.channel.AbstractChannel$AnnotatedConnectException: Connection refused: localhost/127.0.0.1:8085
Caused by: java.net.ConnectException: Connection refused
	at java.base/sun.nio.ch.Net.pollConnect(Native Method)
	at java.base/sun.nio.ch.Net.pollConnectNow(Net.java:682)
	at java.base/sun.nio.ch.SocketChannelImpl.finishConnect(SocketChannelImpl.java:973)
	at io.netty.channel.socket.nio.NioSocketChannel.doFinishConnect(NioSocketChannel.java:337)
	at io.netty.channel.nio.AbstractNioChannel$AbstractNioUnsafe.finishConnect(AbstractNioChannel.java:334)
	at io.netty.channel.nio.NioEventLoop.processSelectedKey(NioEventLoop.java:776)
	at io.netty.channel.nio.NioEventLoop.processSelectedKeysOptimized(NioEventLoop.java:724)
	at io.netty.channel.nio.NioEventLoop.processSelectedKeys(NioEventLoop.java:650)
	at io.netty.channel.nio.NioEventLoop.run(NioEventLoop.java:562)
	at io.netty.util.concurrent.SingleThreadEventExecutor$4.run(SingleThreadEventExecutor.java:997)
	at io.netty.util.internal.ThreadExecutorMap$2.run(ThreadExecutorMap.java:74)
	at io.netty.util.concurrent.FastThreadLocalRunnable.run(FastThreadLocalRunnable.java:30)
	at java.base/java.lang.Thread.run(Thread.java:1583)
2025-05-22 15:54:59 [reactor-http-nio-8] DEBUG r.n.r.PooledConnectionProvider - [ce4cfe5e] Created a new pooled channel, now: 0 active connections, 0 inactive connections and 0 pending acquire requests.
2025-05-22 15:54:59 [reactor-http-nio-8] DEBUG r.netty.transport.TransportConfig - [ce4cfe5e] Initialized pipeline DefaultChannelPipeline{(reactor.left.httpCodec = io.netty.handler.codec.http.HttpClientCodec), (reactor.left.httpDecompressor = io.netty.handler.codec.http.HttpContentDecompressor), (reactor.right.reactiveBridge = reactor.netty.channel.ChannelOperationsHandler)}
2025-05-22 15:54:59 [reactor-http-nio-8] DEBUG r.netty.transport.TransportConnector - [ce4cfe5e] Connecting to [localhost/127.0.0.1:8085].
2025-05-22 15:54:59 [reactor-http-nio-8] DEBUG r.netty.transport.TransportConnector - [ce4cfe5e] Connect attempt to [localhost/127.0.0.1:8085] failed.
io.netty.channel.AbstractChannel$AnnotatedConnectException: Connection refused: localhost/127.0.0.1:8085
Caused by: java.net.ConnectException: Connection refused
	at java.base/sun.nio.ch.Net.pollConnect(Native Method)
	at java.base/sun.nio.ch.Net.pollConnectNow(Net.java:682)
	at java.base/sun.nio.ch.SocketChannelImpl.finishConnect(SocketChannelImpl.java:973)
	at io.netty.channel.socket.nio.NioSocketChannel.doFinishConnect(NioSocketChannel.java:337)
	at io.netty.channel.nio.AbstractNioChannel$AbstractNioUnsafe.finishConnect(AbstractNioChannel.java:334)
	at io.netty.channel.nio.NioEventLoop.processSelectedKey(NioEventLoop.java:776)
	at io.netty.channel.nio.NioEventLoop.processSelectedKeysOptimized(NioEventLoop.java:724)
	at io.netty.channel.nio.NioEventLoop.processSelectedKeys(NioEventLoop.java:650)
	at io.netty.channel.nio.NioEventLoop.run(NioEventLoop.java:562)
	at io.netty.util.concurrent.SingleThreadEventExecutor$4.run(SingleThreadEventExecutor.java:997)
	at io.netty.util.internal.ThreadExecutorMap$2.run(ThreadExecutorMap.java:74)
	at io.netty.util.concurrent.FastThreadLocalRunnable.run(FastThreadLocalRunnable.java:30)
	at java.base/java.lang.Thread.run(Thread.java:1583)
2025-05-22 15:55:09 [reactor-http-nio-1] DEBUG r.n.r.PooledConnectionProvider - [830dd167] Created a new pooled channel, now: 0 active connections, 0 inactive connections and 0 pending acquire requests.
2025-05-22 15:55:09 [reactor-http-nio-1] DEBUG r.netty.transport.TransportConfig - [830dd167] Initialized pipeline DefaultChannelPipeline{(reactor.left.httpCodec = io.netty.handler.codec.http.HttpClientCodec), (reactor.left.httpDecompressor = io.netty.handler.codec.http.HttpContentDecompressor), (reactor.right.reactiveBridge = reactor.netty.channel.ChannelOperationsHandler)}
2025-05-22 15:55:09 [reactor-http-nio-1] DEBUG r.netty.transport.TransportConnector - [830dd167] Connecting to [localhost/127.0.0.1:8085].
2025-05-22 15:55:09 [reactor-http-nio-1] DEBUG r.netty.transport.TransportConnector - [830dd167] Connect attempt to [localhost/127.0.0.1:8085] failed.
io.netty.channel.AbstractChannel$AnnotatedConnectException: Connection refused: localhost/127.0.0.1:8085
Caused by: java.net.ConnectException: Connection refused
	at java.base/sun.nio.ch.Net.pollConnect(Native Method)
	at java.base/sun.nio.ch.Net.pollConnectNow(Net.java:682)
	at java.base/sun.nio.ch.SocketChannelImpl.finishConnect(SocketChannelImpl.java:973)
	at io.netty.channel.socket.nio.NioSocketChannel.doFinishConnect(NioSocketChannel.java:337)
	at io.netty.channel.nio.AbstractNioChannel$AbstractNioUnsafe.finishConnect(AbstractNioChannel.java:334)
	at io.netty.channel.nio.NioEventLoop.processSelectedKey(NioEventLoop.java:776)
	at io.netty.channel.nio.NioEventLoop.processSelectedKeysOptimized(NioEventLoop.java:724)
	at io.netty.channel.nio.NioEventLoop.processSelectedKeys(NioEventLoop.java:650)
	at io.netty.channel.nio.NioEventLoop.run(NioEventLoop.java:562)
	at io.netty.util.concurrent.SingleThreadEventExecutor$4.run(SingleThreadEventExecutor.java:997)
	at io.netty.util.internal.ThreadExecutorMap$2.run(ThreadExecutorMap.java:74)
	at io.netty.util.concurrent.FastThreadLocalRunnable.run(FastThreadLocalRunnable.java:30)
	at java.base/java.lang.Thread.run(Thread.java:1583)
2025-05-22 15:55:19 [reactor-http-nio-2] DEBUG r.n.r.PooledConnectionProvider - [6f476ffd] Created a new pooled channel, now: 0 active connections, 0 inactive connections and 0 pending acquire requests.
2025-05-22 15:55:19 [reactor-http-nio-2] DEBUG r.netty.transport.TransportConfig - [6f476ffd] Initialized pipeline DefaultChannelPipeline{(reactor.left.httpCodec = io.netty.handler.codec.http.HttpClientCodec), (reactor.left.httpDecompressor = io.netty.handler.codec.http.HttpContentDecompressor), (reactor.right.reactiveBridge = reactor.netty.channel.ChannelOperationsHandler)}
2025-05-22 15:55:19 [reactor-http-nio-2] DEBUG r.netty.transport.TransportConnector - [6f476ffd] Connecting to [localhost/127.0.0.1:8085].
2025-05-22 15:55:19 [reactor-http-nio-2] DEBUG r.netty.transport.TransportConnector - [6f476ffd] Connect attempt to [localhost/127.0.0.1:8085] failed.
io.netty.channel.AbstractChannel$AnnotatedConnectException: Connection refused: localhost/127.0.0.1:8085
Caused by: java.net.ConnectException: Connection refused
	at java.base/sun.nio.ch.Net.pollConnect(Native Method)
	at java.base/sun.nio.ch.Net.pollConnectNow(Net.java:682)
	at java.base/sun.nio.ch.SocketChannelImpl.finishConnect(SocketChannelImpl.java:973)
	at io.netty.channel.socket.nio.NioSocketChannel.doFinishConnect(NioSocketChannel.java:337)
	at io.netty.channel.nio.AbstractNioChannel$AbstractNioUnsafe.finishConnect(AbstractNioChannel.java:334)
	at io.netty.channel.nio.NioEventLoop.processSelectedKey(NioEventLoop.java:776)
	at io.netty.channel.nio.NioEventLoop.processSelectedKeysOptimized(NioEventLoop.java:724)
	at io.netty.channel.nio.NioEventLoop.processSelectedKeys(NioEventLoop.java:650)
	at io.netty.channel.nio.NioEventLoop.run(NioEventLoop.java:562)
	at io.netty.util.concurrent.SingleThreadEventExecutor$4.run(SingleThreadEventExecutor.java:997)
	at io.netty.util.internal.ThreadExecutorMap$2.run(ThreadExecutorMap.java:74)
	at io.netty.util.concurrent.FastThreadLocalRunnable.run(FastThreadLocalRunnable.java:30)
	at java.base/java.lang.Thread.run(Thread.java:1583)
2025-05-22 15:55:29 [reactor-http-nio-3] DEBUG r.n.r.PooledConnectionProvider - [efbac0c5] Created a new pooled channel, now: 0 active connections, 0 inactive connections and 0 pending acquire requests.
2025-05-22 15:55:29 [reactor-http-nio-3] DEBUG r.netty.transport.TransportConfig - [efbac0c5] Initialized pipeline DefaultChannelPipeline{(reactor.left.httpCodec = io.netty.handler.codec.http.HttpClientCodec), (reactor.left.httpDecompressor = io.netty.handler.codec.http.HttpContentDecompressor), (reactor.right.reactiveBridge = reactor.netty.channel.ChannelOperationsHandler)}
2025-05-22 15:55:29 [reactor-http-nio-3] DEBUG r.netty.transport.TransportConnector - [efbac0c5] Connecting to [localhost/127.0.0.1:8085].
2025-05-22 15:55:29 [reactor-http-nio-3] DEBUG r.netty.transport.TransportConnector - [efbac0c5] Connect attempt to [localhost/127.0.0.1:8085] failed.
io.netty.channel.AbstractChannel$AnnotatedConnectException: Connection refused: localhost/127.0.0.1:8085
Caused by: java.net.ConnectException: Connection refused
	at java.base/sun.nio.ch.Net.pollConnect(Native Method)
	at java.base/sun.nio.ch.Net.pollConnectNow(Net.java:682)
	at java.base/sun.nio.ch.SocketChannelImpl.finishConnect(SocketChannelImpl.java:973)
	at io.netty.channel.socket.nio.NioSocketChannel.doFinishConnect(NioSocketChannel.java:337)
	at io.netty.channel.nio.AbstractNioChannel$AbstractNioUnsafe.finishConnect(AbstractNioChannel.java:334)
	at io.netty.channel.nio.NioEventLoop.processSelectedKey(NioEventLoop.java:776)
	at io.netty.channel.nio.NioEventLoop.processSelectedKeysOptimized(NioEventLoop.java:724)
	at io.netty.channel.nio.NioEventLoop.processSelectedKeys(NioEventLoop.java:650)
	at io.netty.channel.nio.NioEventLoop.run(NioEventLoop.java:562)
	at io.netty.util.concurrent.SingleThreadEventExecutor$4.run(SingleThreadEventExecutor.java:997)
	at io.netty.util.internal.ThreadExecutorMap$2.run(ThreadExecutorMap.java:74)
	at io.netty.util.concurrent.FastThreadLocalRunnable.run(FastThreadLocalRunnable.java:30)
	at java.base/java.lang.Thread.run(Thread.java:1583)
2025-05-22 15:55:39 [reactor-http-nio-4] DEBUG r.n.r.PooledConnectionProvider - [71133cfb] Created a new pooled channel, now: 0 active connections, 0 inactive connections and 0 pending acquire requests.
2025-05-22 15:55:39 [reactor-http-nio-4] DEBUG r.netty.transport.TransportConfig - [71133cfb] Initialized pipeline DefaultChannelPipeline{(reactor.left.httpCodec = io.netty.handler.codec.http.HttpClientCodec), (reactor.left.httpDecompressor = io.netty.handler.codec.http.HttpContentDecompressor), (reactor.right.reactiveBridge = reactor.netty.channel.ChannelOperationsHandler)}
2025-05-22 15:55:39 [reactor-http-nio-4] DEBUG r.netty.transport.TransportConnector - [71133cfb] Connecting to [localhost/127.0.0.1:8085].
2025-05-22 15:55:39 [reactor-http-nio-4] DEBUG r.netty.transport.TransportConnector - [71133cfb] Connect attempt to [localhost/127.0.0.1:8085] failed.
io.netty.channel.AbstractChannel$AnnotatedConnectException: Connection refused: localhost/127.0.0.1:8085
Caused by: java.net.ConnectException: Connection refused
	at java.base/sun.nio.ch.Net.pollConnect(Native Method)
	at java.base/sun.nio.ch.Net.pollConnectNow(Net.java:682)
	at java.base/sun.nio.ch.SocketChannelImpl.finishConnect(SocketChannelImpl.java:973)
	at io.netty.channel.socket.nio.NioSocketChannel.doFinishConnect(NioSocketChannel.java:337)
	at io.netty.channel.nio.AbstractNioChannel$AbstractNioUnsafe.finishConnect(AbstractNioChannel.java:334)
	at io.netty.channel.nio.NioEventLoop.processSelectedKey(NioEventLoop.java:776)
	at io.netty.channel.nio.NioEventLoop.processSelectedKeysOptimized(NioEventLoop.java:724)
	at io.netty.channel.nio.NioEventLoop.processSelectedKeys(NioEventLoop.java:650)
	at io.netty.channel.nio.NioEventLoop.run(NioEventLoop.java:562)
	at io.netty.util.concurrent.SingleThreadEventExecutor$4.run(SingleThreadEventExecutor.java:997)
	at io.netty.util.internal.ThreadExecutorMap$2.run(ThreadExecutorMap.java:74)
	at io.netty.util.concurrent.FastThreadLocalRunnable.run(FastThreadLocalRunnable.java:30)
	at java.base/java.lang.Thread.run(Thread.java:1583)
2025-05-22 15:55:49 [reactor-http-nio-5] DEBUG r.n.r.PooledConnectionProvider - [9c9b004e] Created a new pooled channel, now: 0 active connections, 0 inactive connections and 0 pending acquire requests.
2025-05-22 15:55:49 [reactor-http-nio-5] DEBUG r.netty.transport.TransportConfig - [9c9b004e] Initialized pipeline DefaultChannelPipeline{(reactor.left.httpCodec = io.netty.handler.codec.http.HttpClientCodec), (reactor.left.httpDecompressor = io.netty.handler.codec.http.HttpContentDecompressor), (reactor.right.reactiveBridge = reactor.netty.channel.ChannelOperationsHandler)}
2025-05-22 15:55:49 [reactor-http-nio-5] DEBUG r.netty.transport.TransportConnector - [9c9b004e] Connecting to [localhost/127.0.0.1:8085].
2025-05-22 15:55:49 [reactor-http-nio-5] DEBUG r.netty.transport.TransportConnector - [9c9b004e] Connect attempt to [localhost/127.0.0.1:8085] failed.
io.netty.channel.AbstractChannel$AnnotatedConnectException: Connection refused: localhost/127.0.0.1:8085
Caused by: java.net.ConnectException: Connection refused
	at java.base/sun.nio.ch.Net.pollConnect(Native Method)
	at java.base/sun.nio.ch.Net.pollConnectNow(Net.java:682)
	at java.base/sun.nio.ch.SocketChannelImpl.finishConnect(SocketChannelImpl.java:973)
	at io.netty.channel.socket.nio.NioSocketChannel.doFinishConnect(NioSocketChannel.java:337)
	at io.netty.channel.nio.AbstractNioChannel$AbstractNioUnsafe.finishConnect(AbstractNioChannel.java:334)
	at io.netty.channel.nio.NioEventLoop.processSelectedKey(NioEventLoop.java:776)
	at io.netty.channel.nio.NioEventLoop.processSelectedKeysOptimized(NioEventLoop.java:724)
	at io.netty.channel.nio.NioEventLoop.processSelectedKeys(NioEventLoop.java:650)
	at io.netty.channel.nio.NioEventLoop.run(NioEventLoop.java:562)
	at io.netty.util.concurrent.SingleThreadEventExecutor$4.run(SingleThreadEventExecutor.java:997)
	at io.netty.util.internal.ThreadExecutorMap$2.run(ThreadExecutorMap.java:74)
	at io.netty.util.concurrent.FastThreadLocalRunnable.run(FastThreadLocalRunnable.java:30)
	at java.base/java.lang.Thread.run(Thread.java:1583)
2025-05-22 15:55:59 [reactor-http-nio-6] DEBUG r.n.r.PooledConnectionProvider - [8f3f8a49] Created a new pooled channel, now: 0 active connections, 0 inactive connections and 0 pending acquire requests.
2025-05-22 15:55:59 [reactor-http-nio-6] DEBUG r.netty.transport.TransportConfig - [8f3f8a49] Initialized pipeline DefaultChannelPipeline{(reactor.left.httpCodec = io.netty.handler.codec.http.HttpClientCodec), (reactor.left.httpDecompressor = io.netty.handler.codec.http.HttpContentDecompressor), (reactor.right.reactiveBridge = reactor.netty.channel.ChannelOperationsHandler)}
2025-05-22 15:55:59 [reactor-http-nio-6] DEBUG r.netty.transport.TransportConnector - [8f3f8a49] Connecting to [localhost/127.0.0.1:8085].
2025-05-22 15:55:59 [reactor-http-nio-6] DEBUG r.netty.transport.TransportConnector - [8f3f8a49] Connect attempt to [localhost/127.0.0.1:8085] failed.
io.netty.channel.AbstractChannel$AnnotatedConnectException: Connection refused: localhost/127.0.0.1:8085
Caused by: java.net.ConnectException: Connection refused
	at java.base/sun.nio.ch.Net.pollConnect(Native Method)
	at java.base/sun.nio.ch.Net.pollConnectNow(Net.java:682)
	at java.base/sun.nio.ch.SocketChannelImpl.finishConnect(SocketChannelImpl.java:973)
	at io.netty.channel.socket.nio.NioSocketChannel.doFinishConnect(NioSocketChannel.java:337)
	at io.netty.channel.nio.AbstractNioChannel$AbstractNioUnsafe.finishConnect(AbstractNioChannel.java:334)
	at io.netty.channel.nio.NioEventLoop.processSelectedKey(NioEventLoop.java:776)
	at io.netty.channel.nio.NioEventLoop.processSelectedKeysOptimized(NioEventLoop.java:724)
	at io.netty.channel.nio.NioEventLoop.processSelectedKeys(NioEventLoop.java:650)
	at io.netty.channel.nio.NioEventLoop.run(NioEventLoop.java:562)
	at io.netty.util.concurrent.SingleThreadEventExecutor$4.run(SingleThreadEventExecutor.java:997)
	at io.netty.util.internal.ThreadExecutorMap$2.run(ThreadExecutorMap.java:74)
	at io.netty.util.concurrent.FastThreadLocalRunnable.run(FastThreadLocalRunnable.java:30)
	at java.base/java.lang.Thread.run(Thread.java:1583)
2025-05-22 15:56:08 [SpringApplicationShutdownHook] DEBUG r.netty.transport.ServerTransport - [93aea438, L:/[0:0:0:0:0:0:0:0]:9000] Server is about to be disposed with timeout: PT3S
